[2025-11-20 22:17:33] Starting JSON export process...
[2025-11-20 22:17:33] WARNING: Refresh flag detected - Refreshing all materialized views...
  module  |                            view_name                             | status  | execution_time  |        refreshed_at        
----------+------------------------------------------------------------------+---------+-----------------+----------------------------
 Sales    | mv_monthly_sales_dashboard, mv_executive_summary                 | SUCCESS | 00:00:01.043146 | 2025-11-20 22:17:39.954988
 Product  | mv_top_products, mv_abc_analysis                                 | SUCCESS | 00:00:01.909717 | 2025-11-20 22:17:41.865834
 Customer | mv_customer_lifetime_value, mv_rfm_analysis, mv_cohort_retention | SUCCESS | 00:00:01.77805  | 2025-11-20 22:17:43.644034
 Store    | mv_store_performance                                             | SUCCESS | 00:00:00.146755 | 2025-11-20 22:17:43.790937
(4 rows)

[2025-11-20 22:17:43] SUCCESS: All materialized views refreshed successfully!
[2025-11-20 22:17:44] WARNING: Creating backup of existing files...
[2025-11-20 22:17:44] SUCCESS: Backup created: ./03_dashboard/data_backup_20251120_221743
[2025-11-20 22:17:44] INFO: Creating directory structure...
[2025-11-20 22:17:44] INFO: Created directory: ./03_dashboard/data/sales
[2025-11-20 22:17:44] INFO: Created directory: ./03_dashboard/data/products
[2025-11-20 22:17:44] INFO: Created directory: ./03_dashboard/data/customers
[2025-11-20 22:17:45] INFO: Created directory: ./03_dashboard/data/stores
[2025-11-20 22:17:45] INFO: Exporting: Executive Summary KPIs
[2025-11-20 22:17:50] SUCCESS: Exported: ./03_dashboard/data/sales/executive_summary.json
[2025-11-20 22:17:50] INFO: Exporting: Monthly Sales Trend (12 months)
[2025-11-20 22:17:55] SUCCESS: Exported: ./03_dashboard/data/sales/monthly_trend.json
[2025-11-20 22:17:55] INFO: Exporting: Recent 30-Day Trend
[2025-11-20 22:17:59] SUCCESS: Exported: ./03_dashboard/data/sales/recent_trend.json
[2025-11-20 22:17:59] INFO: Exporting: Sales by Day of Week
[2025-11-20 22:18:03] SUCCESS: Exported: ./03_dashboard/data/sales/dayofweek.json
[2025-11-20 22:18:03] INFO: Exporting: Sales by Payment Mode
[2025-11-20 22:18:07] SUCCESS: Exported: ./03_dashboard/data/sales/payment_mode.json
[2025-11-20 22:18:07] INFO: Exporting: Quarterly Sales Performance
[2025-11-20 22:18:11] SUCCESS: Exported: ./03_dashboard/data/sales/quarterly_sales.json
[2025-11-20 22:18:11] INFO: Exporting: Weekend vs Weekday Sales
[2025-11-20 22:18:17] SUCCESS: Exported: ./03_dashboard/data/sales/weekend_weekday.json
[2025-11-20 22:18:18] INFO: Exporting: Top 20 Products
[2025-11-20 22:18:23] SUCCESS: Exported: ./03_dashboard/data/products/top_products.json
[2025-11-20 22:18:23] INFO: Exporting: Category Performance
[2025-11-20 22:18:28] SUCCESS: Exported: ./03_dashboard/data/products/category_performance.json
[2025-11-20 22:18:28] INFO: Exporting: Brand Performance (Top 20)
[2025-11-20 22:18:34] SUCCESS: Exported: ./03_dashboard/data/products/brand_performance.json
[2025-11-20 22:18:34] INFO: Exporting: ABC Classification
[2025-11-20 22:18:38] SUCCESS: Exported: ./03_dashboard/data/products/abc_analysis.json
[2025-11-20 22:18:38] INFO: Exporting: Inventory Status Summary
[2025-11-20 22:18:45] SUCCESS: Exported: ./03_dashboard/data/products/inventory_status.json
[2025-11-20 22:18:46] INFO: Exporting: Top 50 Customers by CLV
[2025-11-20 22:18:57] SUCCESS: Exported: ./03_dashboard/data/customers/top_customers.json
[2025-11-20 22:18:57] INFO: Exporting: CLV Tier Distribution
[2025-11-20 22:19:04] SUCCESS: Exported: ./03_dashboard/data/customers/clv_distribution.json
[2025-11-20 22:19:04] INFO: Exporting: RFM Customer Segments
[2025-11-20 22:19:09] SUCCESS: Exported: ./03_dashboard/data/customers/rfm_segments.json
[2025-11-20 22:19:09] INFO: Exporting: Churn Risk Analysis
[2025-11-20 22:19:13] SUCCESS: Exported: ./03_dashboard/data/customers/churn_risk.json
[2025-11-20 22:19:13] INFO: Exporting: Customer Demographics
[2025-11-20 22:19:17] SUCCESS: Exported: ./03_dashboard/data/customers/demographics.json
[2025-11-20 22:19:17] INFO: Exporting: Geographic Distribution (Top 50)
[2025-11-20 22:19:22] SUCCESS: Exported: ./03_dashboard/data/customers/geography.json
[2025-11-20 22:19:22] INFO: Exporting: Top 20 Stores
[2025-11-20 22:19:26] SUCCESS: Exported: ./03_dashboard/data/stores/top_stores.json
[2025-11-20 22:19:26] INFO: Exporting: Regional Performance Summary
[2025-11-20 22:19:28] ERROR: Failed to export: ./03_dashboard/data/stores/regional_performance.json
[2025-11-20 22:19:28] INFO: Exporting: Store Inventory Health
[2025-11-20 22:19:32] SUCCESS: Exported: ./03_dashboard/data/stores/store_inventory.json
[2025-11-20 22:19:32] INFO: Exporting: Employee Distribution by Store
[2025-11-20 22:19:36] SUCCESS: Exported: ./03_dashboard/data/stores/employee_distribution.json
[2025-11-20 22:19:36] SUCCESS: All JSON files exported successfully!
[2025-11-20 22:19:37] JSON export process completed successfully
